<?xml version="1.0" encoding="UTF-8"?>
<!-- Generated by org.testng.reporters.JUnitReportReporter -->
<testsuite hostname="LAPTOP-S0AIS4SN" failures="0" tests="1" name="extentreports.AttachScreenshot" time="24.212" errors="0" timestamp="2024-06-04T09:35:56 IST" skipped="0">
  <testcase classname="extentreports.AttachScreenshot" name="screenshot" time="24.212"/>
  <system-out/>
</testsuite> <!-- extentreports.AttachScreenshot -->
