<?xml version="1.0" encoding="UTF-8"?>
<!-- Generated by org.testng.reporters.JUnitReportReporter -->
<testsuite hostname="LAPTOP-S0AIS4SN" failures="0" tests="1" name="extentreports.ToLearnExtentReports" time="1.497" errors="0" timestamp="2024-06-04T09:41:29 IST" skipped="0">
  <testcase classname="extentreports.ToLearnExtentReports" name="report" time="1.497"/>
  <system-out/>
</testsuite> <!-- extentreports.ToLearnExtentReports -->
